Populatia initiala
1: 0111001010111100011001 x= -0.655438 f= 1.11872
2: 0000111100100111011000 x= -1.82242 f= 1.67637
3: 1001001111110111100010 x= -0.266012 f= 1.53874
4: 1000010111011111010111 x= -0.431181 f= 1.32355
5: 0001111011010001011110 x= -1.63885 f= 1.40813
6: 0000111001011100011100 x= -1.83171 f= 1.69174
7: 1100100011011100000110 x= 0.353826 f= 2.83284
8: 0111101110100100010011 x= -0.551072 f= 1.20154
9: 1110001100101000010111 x= 0.662004 f= 3.76226
10: 1110100111001100001110 x= 0.739818 f= 4.02697
11: 0110101000110000010010 x= -0.755602 f= 1.05973
12: 0100001100011101011100 x= -1.2135 f= 1.04558
13: 0100100111001000101000 x= -1.13535 f= 1.01832
14: 0100011010001011110101 x= -1.17329 f= 1.03003
15: 0101100111010111000001 x= -0.947188 f= 1.00279
16: 1011111000110011101100 x= 0.228929 f= 2.51027
17: 0010010010010100100011 x= -1.57132 f= 1.32641
18: 1001101111111100110011 x= -0.172021 f= 1.68555
19: 0000011000011000001101 x= -1.92858 f= 1.86226
20: 1010111001001001011000 x= 0.0424218 f= 2.08664

Probabilitati selectie:
cromozom 1 probabilitate 0.0317743
cromozom 2 probabilitate 0.0476127
cromozom 3 probabilitate 0.0437037
cromozom 4 probabilitate 0.037592
cromozom 5 probabilitate 0.039994
cromozom 6 probabilitate 0.0480492
cromozom 7 probabilitate 0.0804593
cromozom 8 probabilitate 0.0341264
cromozom 9 probabilitate 0.106857
cromozom 10 probabilitate 0.114375
cromozom 11 probabilitate 0.0300988
cromozom 12 probabilitate 0.0296969
cromozom 13 probabilitate 0.0289226
cromozom 14 probabilitate 0.0292552
cromozom 15 probabilitate 0.0284815
cromozom 16 probabilitate 0.0712973
cromozom 17 probabilitate 0.0376731
cromozom 18 probabilitate 0.0478735
cromozom 19 probabilitate 0.0528925
cromozom 20 probabilitate 0.0592654

Intervale probabilitati selectie
0 0.0317743 0.079387 0.123091 0.160683 0.200677 0.248726 0.329185 0.363311 0.470168 0.584543 0.614642 0.644339 0.673262 0.702517 0.730998 0.802296 0.839969 0.887842 0.940735 1 
u= 0.0700479 selectam cromozomul 2
u= 0.920932 selectam cromozomul 19
u= 0.90534 selectam cromozomul 19
u= 0.792175 selectam cromozomul 16
u= 0.534646 selectam cromozomul 10
u= 0.185946 selectam cromozomul 5
u= 0.367711 selectam cromozomul 9
u= 0.860125 selectam cromozomul 18
u= 0.864665 selectam cromozomul 18
u= 0.686788 selectam cromozomul 14
u= 0.348363 selectam cromozomul 8
u= 0.52056 selectam cromozomul 10
u= 0.243804 selectam cromozomul 6
u= 0.165278 selectam cromozomul 5
u= 0.000852108 selectam cromozomul 1
u= 0.732616 selectam cromozomul 16
u= 0.81058 selectam cromozomul 17
u= 0.353684 selectam cromozomul 8
u= 0.212746 selectam cromozomul 6
u= 0.15989 selectam cromozomul 4
Dupa selectie:
1: 0000111100100111011000 x= -1.82242 f= 1.67637
2: 0000011000011000001101 x= -1.92858 f= 1.86226
3: 0000011000011000001101 x= -1.92858 f= 1.86226
4: 1011111000110011101100 x= 0.228929 f= 2.51027
5: 1110100111001100001110 x= 0.739818 f= 4.02697
6: 0001111011010001011110 x= -1.63885 f= 1.40813
7: 1110001100101000010111 x= 0.662004 f= 3.76226
8: 1001101111111100110011 x= -0.172021 f= 1.68555
9: 1001101111111100110011 x= -0.172021 f= 1.68555
10: 0100011010001011110101 x= -1.17329 f= 1.03003
11: 0111101110100100010011 x= -0.551072 f= 1.20154
12: 1110100111001100001110 x= 0.739818 f= 4.02697
13: 0000111001011100011100 x= -1.83171 f= 1.69174
14: 0001111011010001011110 x= -1.63885 f= 1.40813
15: 0111001010111100011001 x= -0.655438 f= 1.11872
16: 1011111000110011101100 x= 0.228929 f= 2.51027
17: 0010010010010100100011 x= -1.57132 f= 1.32641
18: 0111101110100100010011 x= -0.551072 f= 1.20154
19: 0000111001011100011100 x= -1.83171 f= 1.69174
20: 1000010111011111010111 x= -0.431181 f= 1.32355

Probabilitatea de incrucisare 0.25
1: 0000111100100111011000 u= 0.0849087 < 0.25 participa
2: 0000011000011000001101 u= 0.467383
3: 0000011000011000001101 u= 0.860465
4: 1011111000110011101100 u= 0.553444
5: 1110100111001100001110 u= 0.195548 < 0.25 participa
6: 0001111011010001011110 u= 0.816276
7: 1110001100101000010111 u= 0.371038
8: 1001101111111100110011 u= 0.305226
9: 1001101111111100110011 u= 0.0550423 < 0.25 participa
10: 0100011010001011110101 u= 0.839916
11: 0111101110100100010011 u= 0.700051
12: 1110100111001100001110 u= 0.0945742 < 0.25 participa
13: 0000111001011100011100 u= 0.967949
14: 0001111011010001011110 u= 0.681352
15: 0111001010111100011001 u= 0.926769
16: 1011111000110011101100 u= 0.0434709 < 0.25 participa
17: 0010010010010100100011 u= 0.345935
18: 0111101110100100010011 u= 0.190829 < 0.25 participa
19: 0000111001011100011100 u= 0.54974
20: 1000010111011111010111 u= 0.639253
Recombinare intre cromozomul 1 si 5:
0000111100100111011000 1110100111001100001110 punct 11
Rezultat 1110100111000111011000 0000111100101100001110
Recombinare intre cromozomul 9 si 12:
1001101111111100110011 1110100111001100001110 punct 16
Rezultat 1110100111001100110011 1001101111111100001110
Recombinare intre cromozomul 16 si 18:
1011111000110011101100 0111101110100100010011 punct 18
Rezultat 0111101110100100011100 1011111000110011100011
Dupa recombinare:
1: 1110100111000111011000 x= 0.739596 f= 4.02619
2: 0000011000011000001101 x= -1.92858 f= 1.86226
3: 0000011000011000001101 x= -1.92858 f= 1.86226
4: 1011111000110011101100 x= 0.228929 f= 2.51027
5: 0000111100101100001110 x= -1.82219 f= 1.676
6: 0001111011010001011110 x= -1.63885 f= 1.40813
7: 1110001100101000010111 x= 0.662004 f= 3.76226
8: 1001101111111100110011 x= -0.172021 f= 1.68555
9: 1110100111001100110011 x= 0.739844 f= 4.02706
10: 0100011010001011110101 x= -1.17329 f= 1.03003
11: 0111101110100100010011 x= -0.551072 f= 1.20154
12: 1001101111111100001110 x= -0.172048 f= 1.68551
13: 0000111001011100011100 x= -1.83171 f= 1.69174
14: 0001111011010001011110 x= -1.63885 f= 1.40813
15: 0111001010111100011001 x= -0.655438 f= 1.11872
16: 0111101110100100011100 x= -0.551066 f= 1.20154
17: 0010010010010100100011 x= -1.57132 f= 1.32641
18: 1011111000110011100011 x= 0.228923 f= 2.51025
19: 0000111001011100011100 x= -1.83171 f= 1.69174
20: 1000010111011111010111 x= -0.431181 f= 1.32355

Probabilitatea de mutatie pentru fiecare gena 0.01
Au fost modificati cromozomii: 
Dupa mutatie:
1: 1110100111000111011000 x= 0.739596 f= 4.02619
2: 0000011000011000001101 x= -1.92858 f= 1.86226
3: 0000011000011000001101 x= -1.92858 f= 1.86226
4: 1011111000110011101100 x= 0.228929 f= 2.51027
5: 0000111100101100001110 x= -1.82219 f= 1.676
6: 0001111011010001011110 x= -1.63885 f= 1.40813
7: 1110001100101000010111 x= 0.662004 f= 3.76226
8: 1001101111111100110011 x= -0.172021 f= 1.68555
9: 1110100111001100110011 x= 0.739844 f= 4.02706
10: 0100011010001011110101 x= -1.17329 f= 1.03003
11: 0111101110100100010011 x= -0.551072 f= 1.20154
12: 1001101111111100001110 x= -0.172048 f= 1.68551
13: 0000111001011100011100 x= -1.83171 f= 1.69174
14: 0001111011010001011110 x= -1.63885 f= 1.40813
15: 0111001010111100011001 x= -0.655438 f= 1.11872
16: 0111101110100100011100 x= -0.551066 f= 1.20154
17: 0010010010010100100011 x= -1.57132 f= 1.32641
18: 1011111000110011100011 x= 0.228923 f= 2.51025
19: 0000111001011100011100 x= -1.83171 f= 1.69174
20: 1000010111011111010111 x= -0.431181 f= 1.32355
Valoarea maxima= 4.02706; Valoarea media a performantei= 2.04934
Valoarea maxima= 4.02706; Valoarea media a performantei= 2.50643
Valoarea maxima= 4.02706; Valoarea media a performantei= 2.98826
Valoarea maxima= 4.02706; Valoarea media a performantei= 3.46073
Valoarea maxima= 4.02706; Valoarea media a performantei= 3.66793
Valoarea maxima= 4.02706; Valoarea media a performantei= 3.96855
Valoarea maxima= 4.02715; Valoarea media a performantei= 4.02677
Valoarea maxima= 4.02715; Valoarea media a performantei= 4.02673
Valoarea maxima= 4.02715; Valoarea media a performantei= 4.02689
Valoarea maxima= 4.02715; Valoarea media a performantei= 4.0269
Valoarea maxima= 4.02715; Valoarea media a performantei= 4.02691
Valoarea maxima= 4.02715; Valoarea media a performantei= 4.02694
Valoarea maxima= 4.02715; Valoarea media a performantei= 4.02699
Valoarea maxima= 4.02716; Valoarea media a performantei= 4.02703
Valoarea maxima= 4.02716; Valoarea media a performantei= 4.027
Valoarea maxima= 4.02716; Valoarea media a performantei= 4.02705
Valoarea maxima= 4.02716; Valoarea media a performantei= 4.02702
Valoarea maxima= 4.02716; Valoarea media a performantei= 4.02698
Valoarea maxima= 4.02716; Valoarea media a performantei= 4.02703
Valoarea maxima= 4.02971; Valoarea media a performantei= 4.0192
Valoarea maxima= 4.02971; Valoarea media a performantei= 4.01942
Valoarea maxima= 4.02971; Valoarea media a performantei= 4.02728
Valoarea maxima= 4.02971; Valoarea media a performantei= 4.0274
Valoarea maxima= 4.02971; Valoarea media a performantei= 4.02739
Valoarea maxima= 4.02971; Valoarea media a performantei= 4.02744
Valoarea maxima= 4.02971; Valoarea media a performantei= 4.02733
Valoarea maxima= 4.71476; Valoarea media a performantei= 4.04197
Valoarea maxima= 4.71477; Valoarea media a performantei= 4.08459
Valoarea maxima= 4.71477; Valoarea media a performantei= 4.12535
Valoarea maxima= 4.71759; Valoarea media a performantei= 4.21972
Valoarea maxima= 4.71759; Valoarea media a performantei= 4.13504
Valoarea maxima= 4.71759; Valoarea media a performantei= 4.1468
Valoarea maxima= 4.71759; Valoarea media a performantei= 4.21173
Valoarea maxima= 4.89765; Valoarea media a performantei= 4.30109
Valoarea maxima= 4.89765; Valoarea media a performantei= 4.35765
Valoarea maxima= 4.89765; Valoarea media a performantei= 4.41198
Valoarea maxima= 4.89765; Valoarea media a performantei= 4.42371
Valoarea maxima= 4.90054; Valoarea media a performantei= 4.47365
Valoarea maxima= 4.90054; Valoarea media a performantei= 4.5509
Valoarea maxima= 4.90054; Valoarea media a performantei= 4.63067
Valoarea maxima= 4.90054; Valoarea media a performantei= 4.64946
Valoarea maxima= 4.90054; Valoarea media a performantei= 4.6669
Valoarea maxima= 4.90054; Valoarea media a performantei= 4.70649
Valoarea maxima= 4.90054; Valoarea media a performantei= 4.71741
Valoarea maxima= 4.90054; Valoarea media a performantei= 4.70692
Valoarea maxima= 4.90054; Valoarea media a performantei= 4.625
Valoarea maxima= 4.90055; Valoarea media a performantei= 4.66631
Valoarea maxima= 4.90055; Valoarea media a performantei= 4.67223
Valoarea maxima= 4.90055; Valoarea media a performantei= 4.65312
Valoarea maxima= 4.90055; Valoarea media a performantei= 4.63264
